<?xml version="1.0" encoding="UTF-8"?>
<!-- Generated by org.testng.reporters.JUnitXMLReporter -->
<testsuite hostname="DESKTOP-58P6EJL" name="Hub Spot Functional Regression Test - chrome" tests="6" failures="1" timestamp="24 May 2020 23:49:25 GMT" time="100.161" errors="0">
  <testcase name="homePageTitleTest" time="0.911" classname="com.qa.hubspot.tests.HomePageTest"/>
  <testcase name="verifyHeader_Test" time="7.919" classname="com.qa.hubspot.tests.HomePageTest">
    <failure type="java.lang.AssertionError" message="expected [Marketing Dashboard] but found [Sales Dashboard]">
      <![CDATA[java.lang.AssertionError: expected [Marketing Dashboard] but found [Sales Dashboard]
	at com.qa.hubspot.tests.HomePageTest.verifyHeader_Test(HomePageTest.java:76)
	at java.util.concurrent.ThreadPoolExecutor.runWorker(ThreadPoolExecutor.java:1149)
	at java.util.concurrent.ThreadPoolExecutor$Worker.run(ThreadPoolExecutor.java:624)
	at java.lang.Thread.run(Thread.java:748)
... Removed 16 stack frames]]>
    </failure>
  </testcase> <!-- verifyHeader_Test -->
  <testcase name="checkCreatDashbtn_Test" time="4.229" classname="com.qa.hubspot.tests.HomePageTest"/>
  <testcase name="verifyLoginPageTitle_test" time="17.873" classname="com.qa.hubspot.tests.LoginPageTest"/>
  <testcase name="goToContactpage_test" time="13.308" classname="com.qa.hubspot.tests.HomePageTest"/>
  <testcase name="doLogin_Test" time="26.927" classname="com.qa.hubspot.tests.LoginPageTest"/>
</testsuite> <!-- Hub Spot Functional Regression Test - chrome -->
