<?xml version="1.0" encoding="UTF-8"?>
<!-- Generated by org.testng.reporters.JUnitXMLReporter -->
<testsuite hostname="DESKTOP-58P6EJL" name="Hub Spot Functional Regression Test - firefox" tests="3" failures="0" timestamp="14 May 2020 17:44:03 GMT" time="95.754" errors="0">
  <testcase name="verifyLoginPageTitle_test" time="4.61" classname="com.qa.hubspot.tests.LoginPageTest"/>
  <testcase name="checkSignuplink_Test" time="8.125" classname="com.qa.hubspot.tests.LoginPageTest"/>
  <testcase name="doLogin_Test" time="13.849" classname="com.qa.hubspot.tests.LoginPageTest"/>
</testsuite> <!-- Hub Spot Functional Regression Test - firefox -->
