<?xml version="1.0" encoding="UTF-8"?>
<!-- Generated by org.testng.reporters.JUnitXMLReporter -->
<testsuite hostname="DESKTOP-58P6EJL" name="Hub Spot Functional Regression Test - firefox" tests="3" failures="0" timestamp="26 May 2020 23:29:54 GMT" time="99.269" errors="0">
  <testcase name="verifyLoginPageTitle_test" time="4.603" classname="com.qa.hubspot.tests.LoginPageTest"/>
  <testcase name="checkSignuplink_Test" time="8.863" classname="com.qa.hubspot.tests.LoginPageTest"/>
  <testcase name="doLogin_Test" time="13.958" classname="com.qa.hubspot.tests.LoginPageTest"/>
</testsuite> <!-- Hub Spot Functional Regression Test - firefox -->
