<?xml version="1.0" encoding="UTF-8"?>
<!-- Generated by org.testng.reporters.JUnitXMLReporter -->
<testsuite hostname="DESKTOP-58P6EJL" name="Default test" tests="3" failures="0" timestamp="4 May 2020 23:19:35 GMT" time="57.411" errors="0">
  <testcase name="verifyLoginPageTitle_test" time="1.971" classname="com.qa.hubspot.tests.LoginPageTest"/>
  <testcase name="checkSignuplink_Test" time="5.71" classname="com.qa.hubspot.tests.LoginPageTest"/>
  <testcase name="doLogin_Test" time="13.304" classname="com.qa.hubspot.tests.LoginPageTest"/>
</testsuite> <!-- Default test -->
