<?xml version="1.0" encoding="UTF-8"?>
<testng-results skipped="2" failed="0" total="9" passed="7">
  <reporter-output>
  </reporter-output>
  <suite name="Hub Spot Regression Suite" duration-ms="92591" started-at="2020-05-25T09:42:56Z" finished-at="2020-05-25T09:44:29Z">
    <groups>
    </groups>
    <test name="Hub Spot Functional Regression Test - chrome" duration-ms="79155" started-at="2020-05-25T09:42:56Z" finished-at="2020-05-25T09:44:15Z">
      <class name="com.qa.hubspot.tests.LoginPageTest">
        <test-method status="PASS" signature="setUp(java.lang.String)[pri:0, instance:com.qa.hubspot.tests.LoginPageTest@538613b3]" name="setUp" is-config="true" duration-ms="7902" started-at="2020-05-25T11:43:22Z" finished-at="2020-05-25T11:43:30Z">
          <params>
            <param index="0">
              <value>
                <![CDATA[chrome]]>
              </value>
            </param>
          </params>
          <reporter-output>
          </reporter-output>
        </test-method> <!-- setUp -->
        <test-method status="PASS" signature="setUp(java.lang.String)[pri:0, instance:com.qa.hubspot.tests.LoginPageTest@538613b3]" name="setUp" is-config="true" duration-ms="7464" started-at="2020-05-25T11:43:23Z" finished-at="2020-05-25T11:43:30Z">
          <params>
            <param index="0">
              <value>
                <![CDATA[chrome]]>
              </value>
            </param>
          </params>
          <reporter-output>
          </reporter-output>
        </test-method> <!-- setUp -->
        <test-method status="PASS" signature="checkSignuplink_Test()[pri:2, instance:com.qa.hubspot.tests.LoginPageTest@538613b3]" name="checkSignuplink_Test" duration-ms="11332" started-at="2020-05-25T11:43:30Z" finished-at="2020-05-25T11:43:42Z">
          <reporter-output>
          </reporter-output>
        </test-method> <!-- checkSignuplink_Test -->
        <test-method status="PASS" signature="verifyLoginPageTitle_test()[pri:1, instance:com.qa.hubspot.tests.LoginPageTest@538613b3]" name="verifyLoginPageTitle_test" duration-ms="10319" started-at="2020-05-25T11:43:30Z" description="verify LoginPageTitle_test " finished-at="2020-05-25T11:43:41Z">
          <reporter-output>
          </reporter-output>
        </test-method> <!-- verifyLoginPageTitle_test -->
        <test-method status="PASS" signature="setUp(java.lang.String)[pri:0, instance:com.qa.hubspot.tests.LoginPageTest@538613b3]" name="setUp" is-config="true" duration-ms="7014" started-at="2020-05-25T11:43:33Z" finished-at="2020-05-25T11:43:40Z">
          <params>
            <param index="0">
              <value>
                <![CDATA[chrome]]>
              </value>
            </param>
          </params>
          <reporter-output>
          </reporter-output>
        </test-method> <!-- setUp -->
        <test-method status="PASS" signature="teardown()[pri:0, instance:com.qa.hubspot.tests.LoginPageTest@538613b3]" name="teardown" is-config="true" duration-ms="7197" started-at="2020-05-25T11:43:41Z" finished-at="2020-05-25T11:43:48Z">
          <reporter-output>
          </reporter-output>
        </test-method> <!-- teardown -->
        <test-method status="PASS" signature="teardown()[pri:0, instance:com.qa.hubspot.tests.LoginPageTest@538613b3]" name="teardown" is-config="true" duration-ms="6259" started-at="2020-05-25T11:43:42Z" finished-at="2020-05-25T11:43:48Z">
          <reporter-output>
          </reporter-output>
        </test-method> <!-- teardown -->
      </class> <!-- com.qa.hubspot.tests.LoginPageTest -->
      <class name="com.qa.hubspot.tests.HomePageTest">
        <test-method status="PASS" signature="setUp()[pri:0, instance:com.qa.hubspot.tests.HomePageTest@4de025bf]" name="setUp" is-config="true" duration-ms="25646" started-at="2020-05-25T11:42:57Z" finished-at="2020-05-25T11:43:22Z">
          <reporter-output>
          </reporter-output>
        </test-method> <!-- setUp -->
        <test-method status="PASS" signature="homePageTitleTest()[pri:1, instance:com.qa.hubspot.tests.HomePageTest@4de025bf]" name="homePageTitleTest" duration-ms="354" started-at="2020-05-25T11:43:22Z" finished-at="2020-05-25T11:43:23Z">
          <reporter-output>
          </reporter-output>
        </test-method> <!-- homePageTitleTest -->
        <test-method status="PASS" signature="verifyHeader_Test()[pri:2, instance:com.qa.hubspot.tests.HomePageTest@4de025bf]" name="verifyHeader_Test" duration-ms="8788" started-at="2020-05-25T11:43:23Z" finished-at="2020-05-25T11:43:32Z">
          <reporter-output>
          </reporter-output>
        </test-method> <!-- verifyHeader_Test -->
        <test-method status="PASS" signature="checkCreatDashbtn_Test()[pri:3, instance:com.qa.hubspot.tests.HomePageTest@4de025bf]" name="checkCreatDashbtn_Test" duration-ms="1201" started-at="2020-05-25T11:43:32Z" finished-at="2020-05-25T11:43:33Z">
          <reporter-output>
          </reporter-output>
        </test-method> <!-- checkCreatDashbtn_Test -->
        <test-method status="PASS" signature="goToContactpage_test()[pri:4, instance:com.qa.hubspot.tests.HomePageTest@4de025bf]" name="goToContactpage_test" duration-ms="25293" started-at="2020-05-25T11:43:48Z" finished-at="2020-05-25T11:44:13Z">
          <reporter-output>
          </reporter-output>
        </test-method> <!-- goToContactpage_test -->
        <test-method status="PASS" signature="tearDown()[pri:0, instance:com.qa.hubspot.tests.HomePageTest@4de025bf]" name="tearDown" is-config="true" duration-ms="2154" started-at="2020-05-25T11:44:13Z" finished-at="2020-05-25T11:44:15Z">
          <reporter-output>
          </reporter-output>
        </test-method> <!-- tearDown -->
      </class> <!-- com.qa.hubspot.tests.HomePageTest -->
    </test> <!-- Hub Spot Functional Regression Test - chrome -->
    <test name="Hub Spot Functional Regression Test - firefox" duration-ms="92591" started-at="2020-05-25T09:42:56Z" finished-at="2020-05-25T09:44:29Z">
      <class name="com.qa.hubspot.tests.LoginPageTest">
        <test-method status="PASS" signature="setUp(java.lang.String)[pri:0, instance:com.qa.hubspot.tests.LoginPageTest@67427b69]" name="setUp" is-config="true" duration-ms="13908" started-at="2020-05-25T11:42:57Z" finished-at="2020-05-25T11:43:11Z">
          <params>
            <param index="0">
              <value>
                <![CDATA[firefox]]>
              </value>
            </param>
          </params>
          <reporter-output>
          </reporter-output>
        </test-method> <!-- setUp -->
        <test-method status="PASS" signature="verifyLoginPageTitle_test()[pri:1, instance:com.qa.hubspot.tests.LoginPageTest@67427b69]" name="verifyLoginPageTitle_test" duration-ms="4438" started-at="2020-05-25T11:43:11Z" description="verify LoginPageTitle_test " finished-at="2020-05-25T11:43:15Z">
          <reporter-output>
          </reporter-output>
        </test-method> <!-- verifyLoginPageTitle_test -->
        <test-method status="PASS" signature="teardown()[pri:0, instance:com.qa.hubspot.tests.LoginPageTest@67427b69]" name="teardown" is-config="true" duration-ms="14266" started-at="2020-05-25T11:43:15Z" finished-at="2020-05-25T11:43:29Z">
          <reporter-output>
          </reporter-output>
        </test-method> <!-- teardown -->
        <test-method status="FAIL" signature="setUp(java.lang.String)[pri:0, instance:com.qa.hubspot.tests.LoginPageTest@67427b69]" name="setUp" is-config="true" duration-ms="0" started-at="2020-05-25T11:43:29Z" finished-at="2020-05-25T11:43:29Z">
          <params>
            <param index="0">
              <value>
                <![CDATA[firefox]]>
              </value>
            </param>
          </params>
          <exception class="org.openqa.selenium.TimeoutException">
            <message>
              <![CDATA[Timeout loading page after 10000ms
Build info: version: '3.141.59', revision: 'e82be7d358', time: '2018-11-14T08:17:03'
System info: host: 'DESKTOP-58P6EJL', ip: '192.168.0.17', os.name: 'Windows 10', os.arch: 'amd64', os.version: '10.0', java.version: '1.8.0_251'
Driver info: org.openqa.selenium.firefox.FirefoxDriver
Capabilities {acceptInsecureCerts: true, browserName: firefox, browserVersion: 68.0, javascriptEnabled: true, moz:accessibilityChecks: false, moz:buildID: 20190705220548, moz:geckodriverVersion: 0.26.0, moz:headless: false, moz:processID: 15212, moz:profile: C:\Users\seana\AppData\Loca..., moz:shutdownTimeout: 60000, moz:useNonSpecCompliantPointerOrigin: false, moz:webdriverClick: true, pageLoadStrategy: normal, platform: WINDOWS, platformName: WINDOWS, platformVersion: 10.0, rotatable: false, setWindowRect: true, strictFileInteractability: false, timeouts: {implicit: 0, pageLoad: 300000, script: 30000}, unhandledPromptBehavior: dismiss and notify}
Session ID: 539baea9-d36d-4364-b100-35f41e7b8bdb]]>
            </message>
            <full-stacktrace>
              <![CDATA[org.openqa.selenium.TimeoutException: Timeout loading page after 10000ms
Build info: version: '3.141.59', revision: 'e82be7d358', time: '2018-11-14T08:17:03'
System info: host: 'DESKTOP-58P6EJL', ip: '192.168.0.17', os.name: 'Windows 10', os.arch: 'amd64', os.version: '10.0', java.version: '1.8.0_251'
Driver info: org.openqa.selenium.firefox.FirefoxDriver
Capabilities {acceptInsecureCerts: true, browserName: firefox, browserVersion: 68.0, javascriptEnabled: true, moz:accessibilityChecks: false, moz:buildID: 20190705220548, moz:geckodriverVersion: 0.26.0, moz:headless: false, moz:processID: 15212, moz:profile: C:\Users\seana\AppData\Loca..., moz:shutdownTimeout: 60000, moz:useNonSpecCompliantPointerOrigin: false, moz:webdriverClick: true, pageLoadStrategy: normal, platform: WINDOWS, platformName: WINDOWS, platformVersion: 10.0, rotatable: false, setWindowRect: true, strictFileInteractability: false, timeouts: {implicit: 0, pageLoad: 300000, script: 30000}, unhandledPromptBehavior: dismiss and notify}
Session ID: 539baea9-d36d-4364-b100-35f41e7b8bdb
	at sun.reflect.NativeConstructorAccessorImpl.newInstance0(Native Method)
	at sun.reflect.NativeConstructorAccessorImpl.newInstance(NativeConstructorAccessorImpl.java:62)
	at sun.reflect.DelegatingConstructorAccessorImpl.newInstance(DelegatingConstructorAccessorImpl.java:45)
	at java.lang.reflect.Constructor.newInstance(Constructor.java:423)
	at org.openqa.selenium.remote.http.W3CHttpResponseCodec.createException(W3CHttpResponseCodec.java:187)
	at org.openqa.selenium.remote.http.W3CHttpResponseCodec.decode(W3CHttpResponseCodec.java:122)
	at org.openqa.selenium.remote.http.W3CHttpResponseCodec.decode(W3CHttpResponseCodec.java:49)
	at org.openqa.selenium.remote.HttpCommandExecutor.execute(HttpCommandExecutor.java:158)
	at org.openqa.selenium.remote.service.DriverCommandExecutor.execute(DriverCommandExecutor.java:83)
	at org.openqa.selenium.remote.RemoteWebDriver.execute(RemoteWebDriver.java:552)
	at org.openqa.selenium.remote.RemoteWebDriver.get(RemoteWebDriver.java:277)
	at com.qa.hubspot.tests.LoginPageTest.setUp(LoginPageTest.java:66)
	at sun.reflect.NativeMethodAccessorImpl.invoke0(Native Method)
	at sun.reflect.NativeMethodAccessorImpl.invoke(NativeMethodAccessorImpl.java:62)
	at sun.reflect.DelegatingMethodAccessorImpl.invoke(DelegatingMethodAccessorImpl.java:43)
	at java.lang.reflect.Method.invoke(Method.java:498)
	at org.testng.internal.MethodInvocationHelper.invokeMethod(MethodInvocationHelper.java:100)
	at org.testng.internal.Invoker.invokeConfigurationMethod(Invoker.java:515)
	at org.testng.internal.Invoker.invokeConfigurations(Invoker.java:216)
	at org.testng.internal.Invoker.invokeMethod(Invoker.java:590)
	at org.testng.internal.Invoker.invokeTestMethod(Invoker.java:811)
	at org.testng.internal.Invoker.invokeTestMethods(Invoker.java:1129)
	at org.testng.internal.TestMethodWorker.invokeTestMethods(TestMethodWorker.java:129)
	at org.testng.internal.TestMethodWorker.run(TestMethodWorker.java:112)
	at org.testng.TestRunner.privateRun(TestRunner.java:746)
	at org.testng.TestRunner.run(TestRunner.java:600)
	at org.testng.SuiteRunner.runTest(SuiteRunner.java:366)
	at org.testng.SuiteRunner.access$000(SuiteRunner.java:39)
	at org.testng.SuiteRunner$SuiteWorker.run(SuiteRunner.java:400)
	at org.testng.internal.thread.ThreadUtil$2.call(ThreadUtil.java:64)
	at java.util.concurrent.FutureTask.run(FutureTask.java:266)
	at java.util.concurrent.ThreadPoolExecutor.runWorker(ThreadPoolExecutor.java:1149)
	at java.util.concurrent.ThreadPoolExecutor$Worker.run(ThreadPoolExecutor.java:624)
	at java.lang.Thread.run(Thread.java:748)
]]>
            </full-stacktrace>
          </exception> <!-- org.openqa.selenium.TimeoutException -->
          <reporter-output>
          </reporter-output>
        </test-method> <!-- setUp -->
        <test-method status="SKIP" signature="checkSignuplink_Test()[pri:2, instance:com.qa.hubspot.tests.LoginPageTest@67427b69]" name="checkSignuplink_Test" duration-ms="10" started-at="2020-05-25T11:43:59Z" finished-at="2020-05-25T11:43:59Z">
          <reporter-output>
          </reporter-output>
        </test-method> <!-- checkSignuplink_Test -->
        <test-method status="PASS" signature="teardown()[pri:0, instance:com.qa.hubspot.tests.LoginPageTest@67427b69]" name="teardown" is-config="true" duration-ms="4694" started-at="2020-05-25T11:43:59Z" finished-at="2020-05-25T11:44:03Z">
          <reporter-output>
          </reporter-output>
        </test-method> <!-- teardown -->
        <test-method status="PASS" signature="setUp(java.lang.String)[pri:0, instance:com.qa.hubspot.tests.LoginPageTest@67427b69]" name="setUp" is-config="true" duration-ms="20833" started-at="2020-05-25T11:44:03Z" finished-at="2020-05-25T11:44:24Z">
          <params>
            <param index="0">
              <value>
                <![CDATA[firefox]]>
              </value>
            </param>
          </params>
          <reporter-output>
          </reporter-output>
        </test-method> <!-- setUp -->
        <test-method status="SKIP" signature="doLogin_Test()[pri:4, instance:com.qa.hubspot.tests.LoginPageTest@67427b69]" name="doLogin_Test" duration-ms="14" started-at="2020-05-25T11:44:24Z" description="login test with correct username and correct password..." finished-at="2020-05-25T11:44:24Z">
          <reporter-output>
          </reporter-output>
        </test-method> <!-- doLogin_Test -->
        <test-method status="PASS" signature="teardown()[pri:0, instance:com.qa.hubspot.tests.LoginPageTest@67427b69]" name="teardown" is-config="true" duration-ms="4403" started-at="2020-05-25T11:44:24Z" finished-at="2020-05-25T11:44:29Z">
          <reporter-output>
          </reporter-output>
        </test-method> <!-- teardown -->
      </class> <!-- com.qa.hubspot.tests.LoginPageTest -->
    </test> <!-- Hub Spot Functional Regression Test - firefox -->
  </suite> <!-- Hub Spot Regression Suite -->
</testng-results>
